<?xml version="1.0" encoding="UTF-8"?>
<!-- Generated by org.testng.reporters.JUnitReportReporter -->
<testsuite hostname="Raghu-PC" name="com.jocata.star.exportexcels.NetworkExportGraph" tests="1" failures="0" timestamp="20 Dec 2017 12:06:14 GMT" time="101.384" errors="0">
  <testcase name="login" time="101.384" classname="com.jocata.star.exportexcels.NetworkExportGraph"/>
</testsuite> <!-- com.jocata.star.exportexcels.NetworkExportGraph -->
