<?xml version="1.0" encoding="UTF-8"?>
<!-- Generated by org.testng.reporters.JUnitReportReporter -->
<testsuite hostname="Raghu-PC" name="com.jocata.star.scripts.SeleniumDataBaseTesting" tests="1" failures="0" timestamp="3 Nov 2017 13:10:39 GMT" time="0.073" errors="0">
  <testcase name="getEmployeesFromDataBase" time="0.073" classname="com.jocata.star.scripts.SeleniumDataBaseTesting"/>
</testsuite> <!-- com.jocata.star.scripts.SeleniumDataBaseTesting -->
