<?xml version="1.0" encoding="UTF-8"?>
<!-- Generated by org.testng.reporters.JUnitReportReporter -->
<testsuite hostname="Raghu-PC" name="com.jocata.star.RunStar.AdvanceSearchStar" tests="1" failures="0" timestamp="13 Jul 2017 13:09:54 GMT" time="757.817" errors="0">
  <testcase name="loginAdvance" time="757.817" classname="com.jocata.star.RunStar.AdvanceSearchStar"/>
</testsuite> <!-- com.jocata.star.RunStar.AdvanceSearchStar -->
