<?xml version="1.0" encoding="UTF-8"?>
<!-- Generated by org.testng.reporters.JUnitReportReporter -->
<testsuite hostname="Raghu-PC" name="com.jocata.star.ExportReports.UserDetailsReportExport" tests="1" failures="0" timestamp="20 Dec 2017 12:06:14 GMT" time="170.698" errors="0">
  <testcase name="clickUserDetailsReport" time="170.698" classname="com.jocata.star.ExportReports.UserDetailsReportExport"/>
</testsuite> <!-- com.jocata.star.ExportReports.UserDetailsReportExport -->
