<?xml version="1.0" encoding="UTF-8"?>
<!-- Generated by org.testng.reporters.JUnitReportReporter -->
<testsuite hostname="Raghu-PC" name="com.jocata.star.grid.GridAddReport3" tests="1" failures="0" timestamp="20 Dec 2017 12:06:14 GMT" time="174.376" errors="0">
  <testcase name="GridTest" time="174.376" classname="com.jocata.star.grid.GridAddReport3"/>
</testsuite> <!-- com.jocata.star.grid.GridAddReport3 -->
