<?xml version="1.0" encoding="UTF-8"?>
<!-- Generated by org.testng.reporters.JUnitReportReporter -->
<testsuite hostname="Raghu-PC" name="com.jocata.star.screens.ExclusionList" tests="1" failures="0" timestamp="14 Jun 2017 11:26:56 GMT" time="125.357" errors="0">
  <testcase name="testprofiles" time="125.357" classname="com.jocata.star.screens.ExclusionList"/>
</testsuite> <!-- com.jocata.star.screens.ExclusionList -->
