<?xml version="1.0" encoding="UTF-8"?>
<!-- Generated by org.testng.reporters.JUnitReportReporter -->
<testsuite hostname="Raghu-PC" name="com.jocata.star.scripts.NewCreateRuleJocata2" tests="1" failures="0" timestamp="20 Dec 2017 12:06:14 GMT" time="22.802" errors="0">
  <testcase name="loginNew" time="22.802" classname="com.jocata.star.scripts.NewCreateRuleJocata2"/>
</testsuite> <!-- com.jocata.star.scripts.NewCreateRuleJocata2 -->
