<?xml version="1.0" encoding="UTF-8"?>
<!-- Generated by org.testng.reporters.JUnitReportReporter -->
<testsuite hostname="Raghu-PC" name="com.jocata.star.misreports.AddReportCaseDetailsReport" tests="1" failures="0" timestamp="20 Dec 2017 12:06:14 GMT" time="46.821" errors="0">
  <testcase name="addReport" time="46.821" classname="com.jocata.star.misreports.AddReportCaseDetailsReport"/>
</testsuite> <!-- com.jocata.star.misreports.AddReportCaseDetailsReport -->
