<?xml version="1.0" encoding="UTF-8"?>
<!-- Generated by org.testng.reporters.JUnitReportReporter -->
<testsuite hostname="Raghu-PC" name="com.jocata.star.exportexcels.TrancastionRulePopUpExport" tests="1" failures="0" timestamp="20 Dec 2017 12:06:14 GMT" time="130.104" errors="0">
  <testcase name="login" time="130.104" classname="com.jocata.star.exportexcels.TrancastionRulePopUpExport"/>
</testsuite> <!-- com.jocata.star.exportexcels.TrancastionRulePopUpExport -->
