<?xml version="1.0" encoding="UTF-8"?>
<!-- Generated by org.testng.reporters.JUnitReportReporter -->
<testsuite hostname="Raghu-PC" name="com.jocata.star.ExportReports.BenchmarksReportExport" tests="1" failures="0" timestamp="20 Dec 2017 12:06:14 GMT" time="177.579" errors="0">
  <testcase name="clicingmisreports" time="177.579" classname="com.jocata.star.ExportReports.BenchmarksReportExport"/>
</testsuite> <!-- com.jocata.star.ExportReports.BenchmarksReportExport -->
