<?xml version="1.0" encoding="UTF-8"?>
<!-- Generated by org.testng.reporters.JUnitReportReporter -->
<testsuite hostname="Raghu-PC" name="com.jocata.star.scripts.NewCreateRuleJocata" tests="1" failures="0" timestamp="14 Jun 2017 11:26:56 GMT" time="37.657" errors="0">
  <testcase name="loginNew" time="37.657" classname="com.jocata.star.scripts.NewCreateRuleJocata"/>
</testsuite> <!-- com.jocata.star.scripts.NewCreateRuleJocata -->
