<?xml version="1.0" encoding="UTF-8"?>
<!-- Generated by org.testng.reporters.JUnitReportReporter -->
<testsuite hostname="Raghu-PC" name="com.jocata.star.scripts.AddBenchMarkJocata2" tests="1" failures="0" timestamp="17 May 2017 06:34:16 GMT" time="125.619" errors="0">
  <testcase name="init" time="125.619" classname="com.jocata.star.scripts.AddBenchMarkJocata2"/>
</testsuite> <!-- com.jocata.star.scripts.AddBenchMarkJocata2 -->
