<?xml version="1.0" encoding="UTF-8"?>
<!-- Generated by org.testng.reporters.JUnitReportReporter -->
<testsuite hostname="Raghu-PC" name="com.jocata.star.grid.IncludingPermissions2" tests="1" failures="0" timestamp="13 Jul 2017 13:09:54 GMT" time="157.950" errors="0">
  <testcase name="GridTest" time="157.950" classname="com.jocata.star.grid.IncludingPermissions2"/>
</testsuite> <!-- com.jocata.star.grid.IncludingPermissions2 -->
