<?xml version="1.0" encoding="UTF-8"?>
<!-- Generated by org.testng.reporters.JUnitReportReporter -->
<testsuite hostname="Raghu-PC" name="com.jocata.star.ExportReports.CaseDetailsReportExport" tests="1" failures="0" timestamp="20 Dec 2017 12:06:14 GMT" time="163.185" errors="0">
  <testcase name="clicingmisreports" time="163.185" classname="com.jocata.star.ExportReports.CaseDetailsReportExport"/>
</testsuite> <!-- com.jocata.star.ExportReports.CaseDetailsReportExport -->
