<?xml version="1.0" encoding="UTF-8"?>
<!-- Generated by org.testng.reporters.JUnitReportReporter -->
<testsuite hostname="Raghu-PC" name="com.jocata.star.RunStar.CustomerPeerProfilesecond" tests="1" failures="0" timestamp="14 Jun 2017 12:13:23 GMT" time="252.641" errors="0">
  <testcase name="login" time="252.641" classname="com.jocata.star.RunStar.CustomerPeerProfilesecond"/>
</testsuite> <!-- com.jocata.star.RunStar.CustomerPeerProfilesecond -->
