<?xml version="1.0" encoding="UTF-8"?>
<!-- Generated by org.testng.reporters.JUnitReportReporter -->
<testsuite hostname="Raghu-PC" name="com.jocata.star.existingfuctions.AddruleChangesFuctionaltiy" tests="1" failures="0" timestamp="20 Dec 2017 12:06:14 GMT" time="120.390" errors="0">
  <testcase name="loginNew" time="120.390" classname="com.jocata.star.existingfuctions.AddruleChangesFuctionaltiy"/>
</testsuite> <!-- com.jocata.star.existingfuctions.AddruleChangesFuctionaltiy -->
