<?xml version="1.0" encoding="UTF-8"?>
<!-- Generated by org.testng.reporters.JUnitReportReporter -->
<testsuite hostname="Raghu-PC" name="com.jocata.star.misreports.AddReportRuleSummary" tests="1" failures="0" timestamp="20 Dec 2017 12:06:14 GMT" time="41.432" errors="0">
  <testcase name="addReport" time="41.432" classname="com.jocata.star.misreports.AddReportRuleSummary"/>
</testsuite> <!-- com.jocata.star.misreports.AddReportRuleSummary -->
