<?xml version="1.0" encoding="UTF-8"?>
<!-- Generated by org.testng.reporters.JUnitReportReporter -->
<testsuite hostname="Raghu-PC" name="com.jocata.star.exportexcels.CustomerPeerProfile" tests="1" failures="0" timestamp="15 Jun 2017 08:38:39 GMT" time="170.304" errors="0">
  <testcase name="login" time="170.304" classname="com.jocata.star.exportexcels.CustomerPeerProfile"/>
</testsuite> <!-- com.jocata.star.exportexcels.CustomerPeerProfile -->
