<?xml version="1.0" encoding="UTF-8"?>
<!-- Generated by org.testng.reporters.JUnitReportReporter -->
<testsuite hostname="Raghu-PC" name="com.jocata.star.RunStar.AdvanceSearchReal" tests="1" failures="0" timestamp="15 Jun 2017 08:38:40 GMT" time="801.223" errors="0">
  <testcase name="loginAdvance" time="801.223" classname="com.jocata.star.RunStar.AdvanceSearchReal"/>
</testsuite> <!-- com.jocata.star.RunStar.AdvanceSearchReal -->
