<?xml version="1.0" encoding="UTF-8"?>
<!-- Generated by org.testng.reporters.JUnitReportReporter -->
<testsuite hostname="Raghu-PC" name="com.jocata.star.scripts.AddBenchMarkJocata" tests="1" failures="0" timestamp="3 May 2017 11:14:15 GMT" time="156.645" errors="0">
  <testcase name="init" time="156.645" classname="com.jocata.star.scripts.AddBenchMarkJocata"/>
</testsuite> <!-- com.jocata.star.scripts.AddBenchMarkJocata -->
