<?xml version="1.0" encoding="UTF-8"?>
<!-- Generated by org.testng.reporters.JUnitReportReporter -->
<testsuite hostname="Raghu-PC" name="com.jocata.star.exportexcels.DashboardTask" tests="1" failures="0" timestamp="20 Dec 2017 12:06:14 GMT" time="46.053" errors="0">
  <testcase name="testDashBoard" time="46.053" classname="com.jocata.star.exportexcels.DashboardTask"/>
</testsuite> <!-- com.jocata.star.exportexcels.DashboardTask -->
