<?xml version="1.0" encoding="UTF-8"?>
<!-- Generated by org.testng.reporters.JUnitReportReporter -->
<testsuite hostname="Raghu-PC" name="com.jocata.star.screens.FalsePositiveManager" tests="1" failures="0" timestamp="14 Jun 2017 11:26:56 GMT" time="19.397" errors="0">
  <testcase name="testprofiles" time="19.397" classname="com.jocata.star.screens.FalsePositiveManager"/>
</testsuite> <!-- com.jocata.star.screens.FalsePositiveManager -->
