<?xml version="1.0" encoding="UTF-8"?>
<!-- Generated by org.testng.reporters.JUnitReportReporter -->
<testsuite hostname="Raghu-PC" name="com.jocata.star.existingfuctions.AddBenchMarkReportsChanges2" tests="1" failures="0" timestamp="14 Jun 2017 11:26:56 GMT" time="57.651" errors="0">
  <testcase name="init" time="57.651" classname="com.jocata.star.existingfuctions.AddBenchMarkReportsChanges2"/>
</testsuite> <!-- com.jocata.star.existingfuctions.AddBenchMarkReportsChanges2 -->
