<?xml version="1.0" encoding="UTF-8"?>
<!-- Generated by org.testng.reporters.JUnitReportReporter -->
<testsuite hostname="Raghu-PC" name="com.jocata.star.misreports.AddReportEventDetailsReport" tests="1" failures="0" timestamp="20 Dec 2017 12:06:14 GMT" time="40.920" errors="0">
  <testcase name="addReport" time="40.920" classname="com.jocata.star.misreports.AddReportEventDetailsReport"/>
</testsuite> <!-- com.jocata.star.misreports.AddReportEventDetailsReport -->
