<?xml version="1.0" encoding="UTF-8"?>
<!-- Generated by org.testng.reporters.JUnitReportReporter -->
<testsuite hostname="Raghu-PC" name="com.jocata.star.scripts.AdvanceSearchJocataSe" tests="1" failures="0" timestamp="14 Jun 2017 11:26:56 GMT" time="192.740" errors="0">
  <testcase name="loginAdvance" time="192.740" classname="com.jocata.star.scripts.AdvanceSearchJocataSe"/>
</testsuite> <!-- com.jocata.star.scripts.AdvanceSearchJocataSe -->
