<?xml version="1.0" encoding="UTF-8"?>
<!-- Generated by org.testng.reporters.JUnitReportReporter -->
<testsuite hostname="Raghu-PC" name="com.jocata.star.ExportReports.RuleSummereyReport" tests="1" failures="0" timestamp="10 Aug 2017 12:34:26 GMT" time="156.840" errors="0">
  <testcase name="clicingmisreports" time="156.840" classname="com.jocata.star.ExportReports.RuleSummereyReport"/>
</testsuite> <!-- com.jocata.star.ExportReports.RuleSummereyReport -->
