<?xml version="1.0" encoding="UTF-8"?>
<!-- Generated by org.testng.reporters.JUnitReportReporter -->
<testsuite hostname="Raghu-PC" name="com.jocata.star.RunStar.AdvancedAddBenchMark" tests="1" failures="0" timestamp="1 Aug 2017 09:55:32 GMT" time="93.699" errors="0">
  <testcase name="init" time="93.699" classname="com.jocata.star.RunStar.AdvancedAddBenchMark"/>
</testsuite> <!-- com.jocata.star.RunStar.AdvancedAddBenchMark -->
