<?xml version="1.0" encoding="UTF-8"?>
<!-- Generated by org.testng.reporters.JUnitReportReporter -->
<testsuite hostname="Raghu-PC" name="com.jocata.star.reportsdownload.MisReportsDownload2" tests="1" failures="0" timestamp="7 Aug 2017 06:23:52 GMT" time="616.544" errors="0">
  <testcase name="clickdownloadfiles" time="616.544" classname="com.jocata.star.reportsdownload.MisReportsDownload2"/>
</testsuite> <!-- com.jocata.star.reportsdownload.MisReportsDownload2 -->
