<?xml version="1.0" encoding="UTF-8"?>
<!-- Generated by org.testng.reporters.JUnitReportReporter -->
<testsuite hostname="Raghu-PC" name="com.jocata.star.includeexculde.GridModules" tests="1" failures="0" timestamp="20 Dec 2017 12:06:14 GMT" time="207.687" errors="0">
  <testcase name="clickgridmodules" time="207.687" classname="com.jocata.star.includeexculde.GridModules"/>
</testsuite> <!-- com.jocata.star.includeexculde.GridModules -->
